C51 COMPILER V9.60.0.0   2X7SEGMENT_DISPLAY                                                01/25/2023 18:37:12 PAGE 1   


C51 COMPILER V9.60.0.0, COMPILATION OF MODULE 2X7SEGMENT_DISPLAY
OBJECT MODULE PLACED IN .\Objects\2x7segment-display.obj
COMPILER INVOKED BY: C:\Keil_v5\C51\BIN\C51.EXE 2x7segment-display.c OPTIMIZE(8,SPEED) BROWSE DEBUG OBJECTEXTEND PRINT(.
                    -\Listings\2x7segment-display.lst) TABS(2) OBJECT(.\Objects\2x7segment-display.obj)

line level    source

   1          #include<reg51.h>
   2          sbit red=P1^0;
   3          sbit yellow=P1^1;
   4          sbit green=P1^2;
   5          void ssd_delay(int y); 
   6          void main(){
   7   1          P2=0xc0;
   8   1          P3=0xc0;
   9   1        red=yellow=green=0;
  10   1        while(1){
  11   2          red=1;
  12   2          ssd_delay(1);
  13   2          red=0;
  14   2          yellow=1;
  15   2          ssd_delay(2);
  16   2          yellow=0;
  17   2          green=1;
  18   2          ssd_delay(3);
  19   2          green=0;
  20   2        }
  21   1      }
  22          void ssd_delay(int y){
  23   1        unsigned char
  24   1        ssd[10]={0xc0,0xf9,0xa4,0xb0,0x99,0x92,0x82,0xf8,0x80,0x90};
  25   1        unsigned char x;
  26   1        unsigned int i,j;
  27   1      
  28   1      
  29   1          for(x=0;x<=y;x++){
  30   2          P3=ssd[x];
  31   2          for(i=0;i<35000;i++);
  32   2            for(j=0;j<=9;j++){
  33   3              P2=ssd[j];
  34   3              for(i=0;i<35000;i++);
  35   3              if(j==9)
  36   3                P2=ssd[0];
  37   3              
  38   3            }
  39   2          }
  40   1      }


MODULE INFORMATION:   STATIC OVERLAYABLE
   CODE SIZE        =    191    ----
   CONSTANT SIZE    =     10    ----
   XDATA SIZE       =   ----    ----
   PDATA SIZE       =   ----    ----
   DATA SIZE        =   ----      15
   IDATA SIZE       =   ----    ----
   BIT SIZE         =   ----    ----
END OF MODULE INFORMATION.


C51 COMPILATION COMPLETE.  0 WARNING(S),  0 ERROR(S)
